<?xml version="1.0" encoding="UTF-8"?>
<!-- Generated by org.testng.reporters.JUnitReportReporter -->
<testsuite name="com.qait.automation.gmailTes.gmailTest" tests="3" time="12.056" ignored="0" failures="0" timestamp="04 Jul 2018 05:08:59 GMT" skipped="0" hostname="ASDP1732PO02529" errors="0">
  <testcase name="thirdCase" time="2.266" classname="com.qait.automation.gmailTes.gmailTest"/>
  <testcase name="secondCase" time="8.573" classname="com.qait.automation.gmailTes.gmailTest"/>
  <testcase name="firstCase" time="1.217" classname="com.qait.automation.gmailTes.gmailTest"/>
</testsuite> <!-- com.qait.automation.gmailTes.gmailTest -->
